
2lts-sym: level 28 is finished
lps2lts-sym: level 29 is finished
lps2lts-sym: level 30 is finished
lps2lts-sym: level 31 is finished
lps2lts-sym: level 32 is finished
lps2lts-sym: level 33 is finished
lps2lts-sym: level 34 is finished
lps2lts-sym: level 35 is finished
lps2lts-sym: level 36 is finished
lps2lts-sym: level 37 is finished
lps2lts-sym: level 38 is finished
lps2lts-sym: level 39 is finished
lps2lts-sym: level 40 is finished
lps2lts-sym: level 41 is finished
lps2lts-sym: level 42 is finished
lps2lts-sym: Exploration took 3268 group checks and 3268 next state calls
lps2lts-sym: reachability took 246.690 real 3907.080 user 27.900 sys
lps2lts-sym: counting visited states...
lps2lts-sym: counting took 361334.125 real 5769535.500 user 3467.490 sys
lps2lts-sym: state space has 70208900607102 (~7.02e+13) states, 113351 BDD nodes
Exit [0]
5773458.21 user, 3495.83 system, 361581.93 elapsed -- Max VSize = 74276476KB, Max RSS = 5792KB
44.75 user, 6.04 system, 15.74 elapsed -- Max VSize = 74276476KB, Max RSS = 5780KB
