lps2lts-sym: Using 16 CPUs
lps2lts-sym: =============================================================================
lps2lts-sym: Runtime environment could only preallocate 70 GB while requesting 283 GB.
lps2lts-sym:         Configure your system limits to exploit all memory.
lps2lts-sym: =============================================================================
lps2lts-sym( 0/17): Exploration order is par-prev
lps2lts-sym( 0/17): Saturation strategy is none
lps2lts-sym( 0/17): Guided search strategy is unguided
lps2lts-sym( 0/17): Attractor strategy is default
lps2lts-sym( 0/17): mCRL2 language module initialized
lps2lts-sym( 0/17): Main process: 0.
lps2lts-sym( 0/17): 16 slave processes started.
lps2lts-sym( 1/17): mCRL2 language module initialized
lps2lts-sym( 2/17): mCRL2 language module initialized
lps2lts-sym( 1/17): opening four6.lps
ule initialized
lps2lts-sym( 2/17): opening four6.lps
ule initialized
lps2lts-sym(16/17): mCRL2 language module initialized
lps2lts-sym( 7/17): opening four6.lps
lps2lts-sym(15/17): opening four6.lps
lps2lts-sym(16/17): opening four6.lps
lps2lts-sym( 4/17): mCRL2 language module initialized
lps2lts-sym( 4/17): opening four6.lps
lps2lts-sym( 8/17): mCRL2 language module initialized
lps2lts-sym(11/17): mCRL2 language module initialized
lps2lts-sym( 6/17): opening four6.lps
lps2lts-sym(11/17): opening four6.lps
lps2lts-sym( 5/17): mCRL2 language module initialized
lps2lts-sym( 5/17): opening four6.lps
lps2lts-sym(12/17): mCRL2 language module initialized
lps2lts-sym(12/17): opening four6.lps
lps2lts-sym( 9/17): mCRL2 language module initialized
lps2lts-sym( 9/17): opening four6.lps
lps2lts-sym(13/17): mCRL2 language module initialized
lps2lts-sym(13/17): opening four6.lps
lps2lts-sym(10/17): mCRL2 language module initialized
lps2lts-sym(10/17): opening four6.lps
lps2lts-sym(14/17): mCRL2 language module initialized
lps2lts-sym(14/17): opening four6.lps
lps2lts-sym: opening four6.lps
lps2lts-sym( 1/17): mCRL2 rewriter: jitty
lps2lts-sym( 2/17): mCRL2 rewriter: jitty
lps2lts-sym( 3/17): mCRL2 rewriter: jitty
lps2lts-sym(16/17): mCRL2 rewriter: jitty
lps2lts-sym(15/17): mCRL2 rewriter: jitty
lps2lts-sym( 7/17): mCRL2 rewriter: jitty
lps2lts-sym( 4/17): mCRL2 rewriter: jitty
lps2lts-sym( 8/17): mCRL2 rewriter: jitty
lps2lts-sym( 6/17): mCRL2 rewriter: jitty
lps2lts-sym(11/17): mCRL2 rewriter: jitty
lps2lts-sym( 5/17): mCRL2 rewriter: jitty
lps2lts-sym(12/17): mCRL2 rewriter: jitty
lps2lts-sym( 9/17): mCRL2 rewriter: jitty
lps2lts-sym(13/17): mCRL2 rewriter: jitty
lps2lts-sym(10/17): mCRL2 rewriter: jitty
lps2lts-sym(14/17): mCRL2 rewriter: jitty
lps2lts-sym: Regroup specification: gs
lps2lts-sym: Regroup macro Group Safely: gc,gr,cw,rs
lps2lts-sym: Regroup macro Cols: cs,cn
lps2lts-sym: Regroup Column Sort
lps2lts-sym: Regroup Column Nub
lps2lts-sym: Regroup macro Rows: rs,rn
lps2lts-sym: Regroup Row Sort
lps2lts-sym: Regroup Row Nub
lps2lts-sym: Regroup Column sWaps
lps2lts-sym: Regroup Row Sort
lps2lts-sym: Regrouping: 45->45 groups
lps2lts-sym: state vector length is 31; there are 45 groups
lps2lts-sym: Creating a multi-core ListDD domain.
lps2lts-sym: May-write does not support copy; over-approximating may-write \ must-write to read + write
lps2lts-sym( 1/17): Creating a multi-core ListDD domain.
lps2lts-sym( 2/17): Creating a multi-core ListDD domain.
lps2lts-sym( 3/17): Creating a multi-core ListDD domain.
lps2lts-sym( 4/17): Creating a multi-core ListDD domain.
lps2lts-sym( 5/17): Creating a multi-core ListDD domain.
lps2lts-sym( 6/17): Creating a multi-core ListDD domain.
lps2lts-sym( 7/17): Creating a multi-core ListDD domain.
lps2lts-sym( 9/17): Creating a multi-core ListDD domain.
lps2lts-sym( 8/17): Creating a multi-core ListDD domain.
lps2lts-sym(11/17): Creating a multi-core ListDD domain.
lps2lts-sym(12/17): Creating a multi-core ListDD domain.
lps2lts-sym(13/17): Creating a multi-core ListDD domain.
lps2lts-sym(14/17): Creating a multi-core ListDD domain.
lps2lts-sym(15/17): Creating a multi-core ListDD domain.
lps2lts-sym(16/17): Creating a multi-core ListDD domain.
lps2lts-sym(10/17): Creating a multi-core ListDD domain.
lps2lts-sym: Using GBgetTransitionsShort as next-state function
lps2lts-sym: got initial state
lps2lts-sym: level 0 is finished
lps2lts-sym: level 1 is finished
lps2lts-sym: level 2 is finished
lps2lts-sym: level 3 is finished
lps2lts-sym: level 4 is finished
lps2lts-sym: level 5 is finished
lps2lts-sym: level 6 is finished
lps2lts-sym: level 7 is finished
lps2lts-sym: level 8 is finished
lps2lts-sym: level 9 is finished
lps2lts-sym: level 10 is finished
lps2lts-sym: level 11 is finished
lps2lts-sym: level 12 is finished
lps2lts-sym: level 13 is finished
lps2lts-sym: level 14 is finished
lps2lts-sym: level 15 is finished
lps2lts-sym: level 16 is finished
lps2lts-sym: level 17 is finished
lps2lts-sym: level 18 is finished
lps2lts-sym: level 19 is finished
lps2lts-sym: level 20 is finished
lps2lts-sym: level 21 is finished
lps2lts-sym: level 22 is finished
lps2lts-sym: level 23 is finished
lps2lts-sym: level 24 is finished
lps2lts-sym: level 25 is finished
lps2lts-sym: level 26 is finished
lps2lts-sym: level 27 is finished
lps2lts-sym: level 28 is finished
lps2lts-sym: level 29 is finished
lps2lts-sym: level 30 is finished
lps2lts-sym: Exploration took 1395 group checks and 1395 next state calls
lps2lts-sym: reachability took 2.420 real 37.400 user 0.900 sys
lps2lts-sym: counting visited states...
lps2lts-sym: counting took 51.740 real 825.960 user 0.510 sys
lps2lts-sym: state space has 9776321323 (~9.78e+09) states, 41239 BDD nodes
Exit [0]
871.26 user, 1.64 system, 54.74 elapsed -- Max VSize = 74276476KB, Max RSS = 5788KB
