pbes2lts-sym: Using 16 CPUs
pbes2lts-sym: =============================================================================
pbes2lts-sym: Runtime environment could only preallocate 70 GB while requesting 283 GB.
pbes2lts-sym:         Configure your system limits to exploit all memory.
pbes2lts-sym: =============================================================================
pbes2lts-sym( 0/17): Exploration order is par-prev
pbes2lts-sym( 0/17): Saturation strategy is none
pbes2lts-sym( 0/17): Guided search strategy is unguided
pbes2lts-sym( 0/17): Attractor strategy is default
pbes2lts-sym( 0/17): PBES language module initialized
pbes2lts-sym( 0/17): Main process: 0.
pbes2lts-sym( 0/17): 16 slave processes started.
pbes2lts-sym( 4/17): PBES language module initialized
pbes2lts-sym( 4/17): opening four5-structured.pbes
pbes2lts-sym( 2/17): PBES language module initialized
pbes2lts-sym( 2/17): opening four5-structured.pbes
pbes2lts-sym( 5/17): PBES language module initialized
pbes2lts-sym( 5/17): opening four5-structured.pbes
pbes2lts-sym( 6/17): PBES language module initialized
pbes2lts-sym( 6/17): opening four5-structured.pbes
pbes2lts-sym( 8/17): PBES language module initialized
pbes2lts-sym( 8/17): opening four5-structured.pbes
pbes2lts-sym( 9/17): PBES language module initialized
pbes2lts-sym( 9/17): opening four5-structured.pbes
pbes2lts-sym(14/17): PBES language module initialized
pbes2lts-sym(14/17): opening four5-structured.pbes
pbes2lts-sym(11/17): PBES language module initialized
pbes2lts-sym(11/17): opening four5-structured.pbes
pbes2lts-sym(10/17): PBES language module initialized
pbes2lts-sym(10/17): opening four5-structured.pbes
pbes2lts-sym(13/17): PBES language module initialized
pbes2lts-sym(13/17): opening four5-structured.pbes
pbes2lts-sym(12/17): PBES language module initialized
pbes2lts-sym(12/17): opening four5-structured.pbes
pbes2lts-sym(16/17): PBES language module initialized
pbes2lts-sym(16/17): opening four5-structured.pbes
pbes2lts-sym( 7/17): PBES language module initialized
pbes2lts-sym( 7/17): opening four5-structured.pbes
pbes2lts-sym( 3/17): PBES language module initialized
pbes2lts-sym( 1/17): PBES language module initialized
pbes2lts-sym( 3/17): opening four5-structured.pbes
pbes2lts-sym(15/17): PBES language module initialized
pbes2lts-sym(15/17): opening four5-structured.pbes
pbes2lts-sym: opening four5-structured.pbes
pbes2lts-sym: Regroup specification: gs
pbes2lts-sym: Regroup macro Group Safely: gc,gr,cw,rs
pbes2lts-sym: Regroup macro Cols: cs,cn
pbes2lts-sym: Regroup Column Sort
pbes2lts-sym: Regroup Column Nub
pbes2lts-sym: Regroup macro Rows: rs,rn
pbes2lts-sym: Regroup Row Sort
pbes2lts-sym: Regroup Row Nub
pbes2lts-sym: Regroup Column sWaps
pbes2lts-sym: Regroup Row Sort
pbes2lts-sym: Regrouping: 101->29 groups
pbes2lts-sym: state vector length is 22; there are 29 groups
pbes2lts-sym( 5/17): Creating a multi-core ListDD domain.
pbes2lts-sym( 6/17): Creating a multi-core ListDD domain.
pbes2lts-sym( 7/17): Creating a multi-core ListDD domain.
pbes2lts-sym(12/17): Creating a multi-core ListDD domain.
pbes2lts-sym(13/17): Creating a multi-core ListDD domain.
pbes2lts-sym(16/17): Creating a multi-core ListDD domain.
pbes2lts-sym( 8/17): Creating a multi-core ListDD domain.
pbes2lts-sym( 4/17): Creating a multi-core ListDD domain.
pbes2lts-sym( 9/17): Creating a multi-core ListDD domain.
pbes2lts-sym(10/17): Creating a multi-core ListDD domain.
pbes2lts-sym( 2/17): Creating a multi-core ListDD domain.
pbes2lts-sym(14/17): Creating a multi-core ListDD domain.
pbes2lts-sym: Creating a multi-core ListDD domain.
pbes2lts-sym: May-write does not support copy; over-approximating may-write \ must-write to read + write
pbes2lts-sym(15/17): Creating a multi-core ListDD domain.
pbes2lts-sym( 1/17): Creating a multi-core ListDD domain.
pbes2lts-sym( 3/17): Creating a multi-core ListDD domain.
pbes2lts-sym: Using GBgetTransitionsShort as next-state function
pbes2lts-sym: got initial state
pbes2lts-sym: level 0 is finished
pbes2lts-sym: level 1 is finished
pbes2lts-sym: level 2 is finished
pbes2lts-sym: level 3 is finished
pbes2lts-sym: level 4 is finished
pbes2lts-sym: level 5 is finished
pbes2lts-sym: level 6 is finished
pbes2lts-sym: level 7 is finished
pbes2lts-sym: level 8 is finished
pbes2lts-sym: level 9 is finished
pbes2lts-sym: level 10 is finished
pbes2lts-sym: level 11 is finished
pbes2lts-sym: level 12 is finished
pbes2lts-sym: level 13 is finished
pbes2lts-sym: level 14 is finished
pbes2lts-sym: level 15 is finished
pbes2lts-sym: level 16 is finished
pbes2lts-sym: level 17 is finished
pbes2lts-sym: level 18 is finished
pbes2lts-sym: level 19 is finished
pbes2lts-sym: level 20 is finished
pbes2lts-sym: level 21 is finished
pbes2lts-sym: level 22 is finished
pbes2lts-sym: level 23 is finished
pbes2lts-sym: level 24 is finished
pbes2lts-sym: level 25 is finished
pbes2lts-sym: level 26 is finished
pbes2lts-sym: level 27 is finished
pbes2lts-sym: level 28 is finished
pbes2lts-sym: level 29 is finished
pbes2lts-sym: level 30 is finished
pbes2lts-sym: level 31 is finished
pbes2lts-sym: level 32 is finished
pbes2lts-sym: level 33 is finished
pbes2lts-sym: level 34 is finished
pbes2lts-sym: level 35 is finished
pbes2lts-sym: level 36 is finished
pbes2lts-sym: level 37 is finished
pbes2lts-sym: level 38 is finished
pbes2lts-sym: level 39 is finished
pbes2lts-sym: level 40 is finished
pbes2lts-sym: level 41 is finished
pbes2lts-sym: level 42 is finished
pbes2lts-sym: level 43 is finished
pbes2lts-sym: level 44 is finished
pbes2lts-sym: level 45 is finished
pbes2lts-sym: level 46 is finished
pbes2lts-sym: level 47 is finished
pbes2lts-sym: level 48 is finished
pbes2lts-sym: level 49 is finished
pbes2lts-sym: level 50 is finished
pbes2lts-sym: level 51 is finished
pbes2lts-sym: Exploration took 1508 group checks and 1508 next state calls
pbes2lts-sym: reachability took 7.940 real 55.910 user 2.140 sys
pbes2lts-sym: counting visited states...
pbes2lts-sym: counting took 1.520 real 12.190 user 0.010 sys
pbes2lts-sym: state space has 143694735 (~1.44e+08) states, 162826 BDD nodes
pbes2lts-sym: Computing symbolic parity game.
pbes2lts-sym: computing symbolic parity game took 0.800 real 5.920 user 0.040 sys
pbes2lts-sym: Solving symbolic partity game.
pbes2lts-sym: [  0.000] solve_recursive
pbes2lts-sym: [  0.900] solve_recursive: min=0, max=3, m=0, player=0
pbes2lts-sym: [  0.900] attractor: player=0
pbes2lts-sym: [  0.900] attr_0: level 0.
pbes2lts-sym: [  2.730] attr_0: level 1.
pbes2lts-sym: [  3.380] attr_0: level 2.
pbes2lts-sym: [  4.000] attr_0: level 3.
pbes2lts-sym: [  4.660] attr_0: level 4.
pbes2lts-sym: [  6.960] attr_0: level 5.
pbes2lts-sym: [  9.290] attr_0: level 6.
pbes2lts-sym: [ 10.040] attr_0: level 7.
pbes2lts-sym: [ 10.210] attr_0: level 8.
pbes2lts-sym: [ 10.660] attr_0: level 9.
pbes2lts-sym: [ 11.800] attr_0: level 10.
pbes2lts-sym: [ 12.420] attr_0: level 11.
pbes2lts-sym: [ 12.750] attr_0: level 12.
pbes2lts-sym: [ 12.930] attr_0: level 13.
pbes2lts-sym: [ 13.340] attr_0: level 14.
pbes2lts-sym: [ 14.540] attr_0: level 15.
pbes2lts-sym: [ 15.000] attr_0: level 16.
pbes2lts-sym: [ 15.210] attr_0: level 17.
pbes2lts-sym: [ 15.320] attr_0: level 18.
pbes2lts-sym: [ 15.540] attr_0: level 19.
pbes2lts-sym: [ 16.110] attr_0: level 20.
pbes2lts-sym: [ 16.390] attr_0: level 21.
pbes2lts-sym: [ 16.510] attr_0: level 22.
pbes2lts-sym: [ 16.570] attr_0: level 23.
pbes2lts-sym: [ 16.760] attr_0: level 24.
pbes2lts-sym: [ 17.060] attr_0: level 25.
pbes2lts-sym: [ 17.250] attr_0: level 26.
pbes2lts-sym: [ 17.310] attr_0: level 27.
pbes2lts-sym: [ 17.340] attr_0: level 28.
pbes2lts-sym: [ 17.400] attr_0: level 29.
pbes2lts-sym: [ 17.490] attr_0: level 30.
pbes2lts-sym: [ 17.530] attr_0: level 31.
pbes2lts-sym: [ 17.560] attr_0: level 32.
pbes2lts-sym: [ 17.560] attr_0: level 33.
pbes2lts-sym: [ 17.570] attr_0: level 34.
pbes2lts-sym: [ 17.590] attr_0: level 35.
pbes2lts-sym: [ 17.600] attr_0: level 36.
pbes2lts-sym: [ 17.600] attr_0: level 37.
pbes2lts-sym: [ 17.600] attr_0: level 38.
pbes2lts-sym: [ 17.620] attr_0: level 39.
pbes2lts-sym: [ 17.860]   solve_recursive
pbes2lts-sym: [ 19.770]   solve_recursive: min=1, max=3, m=1, player=1
pbes2lts-sym: [ 19.770]   attractor: player=1
pbes2lts-sym: [ 19.770]   attr_1: level 0.
pbes2lts-sym: [ 21.740]   attr_1: level 1.
pbes2lts-sym: [ 22.620]   attr_1: level 2.
pbes2lts-sym: [ 24.170]   attr_1: level 3.
pbes2lts-sym: [ 25.540]   attr_1: level 4.
pbes2lts-sym: [ 26.830]   attr_1: level 5.
pbes2lts-sym: [ 27.340]   attr_1: level 6.
pbes2lts-sym: [ 28.180]   attr_1: level 7.
pbes2lts-sym: [ 29.800]   attr_1: level 8.
pbes2lts-sym: [ 31.000]   attr_1: level 9.
pbes2lts-sym: [ 31.520]   attr_1: level 10.
pbes2lts-sym: [ 31.750]   attr_1: level 11.
pbes2lts-sym: [ 32.470]   attr_1: level 12.
pbes2lts-sym: [ 33.710]   attr_1: level 13.
pbes2lts-sym: [ 34.550]   attr_1: level 14.
pbes2lts-sym: [ 35.180]   attr_1: level 15.
pbes2lts-sym: [ 35.380]   attr_1: level 16.
pbes2lts-sym: [ 36.020]   attr_1: level 17.
pbes2lts-sym: [ 37.590]   attr_1: level 18.
pbes2lts-sym: [ 38.420]   attr_1: level 19.
pbes2lts-sym: [ 39.000]   attr_1: level 20.
pbes2lts-sym: [ 39.120]   attr_1: level 21.
pbes2lts-sym: [ 39.580]   attr_1: level 22.
pbes2lts-sym: [ 40.480]   attr_1: level 23.
pbes2lts-sym: [ 41.230]   attr_1: level 24.
pbes2lts-sym: [ 41.450]   attr_1: level 25.
pbes2lts-sym: [ 41.540]   attr_1: level 26.
pbes2lts-sym: [ 41.810]   attr_1: level 27.
pbes2lts-sym: [ 42.180]   attr_1: level 28.
pbes2lts-sym: [ 42.460]   attr_1: level 29.
pbes2lts-sym: [ 42.600]   attr_1: level 30.
pbes2lts-sym: [ 42.690]   attr_1: level 31.
pbes2lts-sym: [ 42.790]   attr_1: level 32.
pbes2lts-sym: [ 42.930]   attr_1: level 33.
pbes2lts-sym: [ 43.010]   attr_1: level 34.
pbes2lts-sym: [ 43.060]   attr_1: level 35.
pbes2lts-sym: [ 43.110]   attr_1: level 36.
pbes2lts-sym: [ 43.140]   attr_1: level 37.
pbes2lts-sym: [ 43.170]   attr_1: level 38.
pbes2lts-sym: [ 43.200]   attr_1: level 39.
pbes2lts-sym: [ 43.200]   attr_1: level 40.
pbes2lts-sym: [ 43.210]   attr_1: level 41.
pbes2lts-sym: [ 43.210]   attr_1: level 42.
pbes2lts-sym: [ 43.240]   attr_1: level 43.
pbes2lts-sym: [ 43.240]   attr_1: level 44.
pbes2lts-sym: [ 43.240]   attr_1: level 45.
pbes2lts-sym: [ 43.240]   attr_1: level 46.
pbes2lts-sym: [ 43.240]   attr_1: level 47.
pbes2lts-sym: [ 43.240]   attr_1: level 48.
pbes2lts-sym: [ 43.240]   attr_1: level 49.
pbes2lts-sym: [ 43.240]   attr_1: level 50.
pbes2lts-sym: [ 43.240]   attr_1: level 51.
pbes2lts-sym: [ 43.270]     solve_recursive
pbes2lts-sym: [ 43.270]     solve_recursive: game is empty.
pbes2lts-sym: [ 43.270]   solve_recursive: x.win[0] empty.
pbes2lts-sym: [ 43.270] solve_recursive: x.win[1] not empty.
pbes2lts-sym: [ 43.270] attractor: player=1
pbes2lts-sym: [ 43.270] attr_1: level 0.
pbes2lts-sym: [ 48.060]   solve_recursive
pbes2lts-sym: [ 49.200]   solve_recursive: min=0, max=3, m=0, player=0
pbes2lts-sym: [ 49.200]   attractor: player=0
pbes2lts-sym: [ 49.200]   attr_0: level 0.
pbes2lts-sym: [ 51.660]   attr_0: level 1.
pbes2lts-sym: [ 52.910]   attr_0: level 2.
pbes2lts-sym: [ 53.180]   attr_0: level 3.
pbes2lts-sym: [ 53.960]   attr_0: level 4.
pbes2lts-sym: [ 55.630]   attr_0: level 5.
pbes2lts-sym: [ 56.690]   attr_0: level 6.
pbes2lts-sym: [ 57.130]   attr_0: level 7.
pbes2lts-sym: [ 57.370]   attr_0: level 8.
pbes2lts-sym: [ 57.710]   attr_0: level 9.
pbes2lts-sym: [ 58.540]   attr_0: level 10.
pbes2lts-sym: [ 58.960]   attr_0: level 11.
pbes2lts-sym: [ 59.230]   attr_0: level 12.
pbes2lts-sym: [ 59.340]   attr_0: level 13.
pbes2lts-sym: [ 59.780]   attr_0: level 14.
pbes2lts-sym: [ 60.340]   attr_0: level 15.
pbes2lts-sym: [ 60.710]   attr_0: level 16.
pbes2lts-sym: [ 61.040]   attr_0: level 17.
pbes2lts-sym: [ 61.180]   attr_0: level 18.
pbes2lts-sym: [ 61.430]   attr_0: level 19.
pbes2lts-sym: [ 61.820]   attr_0: level 20.
pbes2lts-sym: [ 62.070]   attr_0: level 21.
pbes2lts-sym: [ 62.190]   attr_0: level 22.
pbes2lts-sym: [ 62.250]   attr_0: level 23.
pbes2lts-sym: [ 62.420]   attr_0: level 24.
pbes2lts-sym: [ 62.540]   attr_0: level 25.
pbes2lts-sym: [ 62.660]   attr_0: level 26.
pbes2lts-sym: [ 62.720]   attr_0: level 27.
pbes2lts-sym: [ 62.760]   attr_0: level 28.
pbes2lts-sym: [ 62.850]   attr_0: level 29.
pbes2lts-sym: [ 62.930]   attr_0: level 30.
pbes2lts-sym: [ 62.960]   attr_0: level 31.
pbes2lts-sym: [ 63.000]   attr_0: level 32.
pbes2lts-sym: [ 63.000]   attr_0: level 33.
pbes2lts-sym: [ 63.010]   attr_0: level 34.
pbes2lts-sym: [ 63.030]   attr_0: level 35.
pbes2lts-sym: [ 63.030]   attr_0: level 36.
pbes2lts-sym: [ 63.030]   attr_0: level 37.
pbes2lts-sym: [ 63.030]   attr_0: level 38.
pbes2lts-sym: [ 63.040]   attr_0: level 39.
pbes2lts-sym: [ 63.080]     solve_recursive
pbes2lts-sym: [ 63.080]     solve_recursive: game is empty.
pbes2lts-sym: [ 63.080]   solve_recursive: x.win[1] empty.
pbes2lts-sym:  
pbes2lts-sym: The result is: false.
pbes2lts-sym:  
pbes2lts-sym: reachability took    7.940 real 55.910 user 2.140 sys
pbes2lts-sym: computing game took  0.800 real 5.920 user 0.040 sys
pbes2lts-sym: solving took         63.080 real 492.200 user 1.690 sys
Exit [0]
588.42 user, 5.63 system, 76.80 elapsed -- Max VSize = 74285200KB, Max RSS = 6796KB
