lps2lts-sym: Using 16 CPUs
lps2lts-sym: =============================================================================
lps2lts-sym: Runtime environment could only preallocate 70 GB while requesting 283 GB.
lps2lts-sym:         Configure your system limits to exploit all memory.
lps2lts-sym: =============================================================================
lps2lts-sym( 0/17): Exploration order is par-prev
lps2lts-sym( 0/17): Saturation strategy is none
lps2lts-sym( 0/17): Guided search strategy is unguided
lps2lts-sym( 0/17): Attractor strategy is default
lps2lts-sym( 0/17): mCRL2 language module initialized
lps2lts-sym( 0/17): Main process: 0.
lps2lts-sym( 0/17): 16 slave processes started.
lps2lts-sym( 2/17): mCRL2 language module initialized
lps2lts-sym( 4/17): opening four_in_a_row5.lps
lps2lts-sym( 1/17): opening four_in_a_row5.lps
lps2lts-sym( 2/17): opening four_in_a_row5.lps
lps2lts-sym( 6/17): mCRL2 language module initialized
lps2lts-sym( 6/17): opening four_in_a_row5.lps
lps2lts-sym( 3/17): mCRL2 language module initialized
lps2lts-sym( 9/17): opening four_in_a_row5.lps
lps2lts-sym( 3/17): opening four_in_a_row5.lps
lps2lts-sym( 5/17): mCRL2 language module initialized
lps2lts-sym(11/17): opening four_in_a_row5.lps
lps2lts-sym(10/17): mCRL2 language module initialized
lps2lts-sym(10/17): opening four_in_a_row5.lps
lps2lts-sym(13/17): mCRL2 language module initialized
lps2lts-sym(16/17): mCRL2 language module initialized
lps2lts-sym(13/17): opening four_in_a_row5.lps
lps2lts-sym(14/17): mCRL2 language module initialized
lps2lts-sym(16/17): opening four_in_a_row5.lps
lps2lts-sym( 7/17): opening four_in_a_row5.lps
lps2lts-sym(12/17): opening four_in_a_row5.lps
lps2lts-sym( 8/17): mCRL2 language module initialized
lps2lts-sym( 8/17): opening four_in_a_row5.lps
lps2lts-sym(15/17): mCRL2 language module initialized
lps2lts-sym(15/17): opening four_in_a_row5.lps
lps2lts-sym: opening four_in_a_row5.lps
lps2lts-sym( 1/17): mCRL2 rewriter: jitty
lps2lts-sym( 6/17): mCRL2 rewriter: jitty
lps2lts-sym( 9/17): mCRL2 rewriter: jitty
lps2lts-sym( 3/17): mCRL2 rewriter: jitty
lps2lts-sym(11/17): mCRL2 rewriter: jitty
lps2lts-sym( 5/17): mCRL2 rewriter: jitty
lps2lts-sym(10/17): mCRL2 rewriter: jitty
lps2lts-sym(13/17): mCRL2 rewriter: jitty
lps2lts-sym( 7/17): mCRL2 rewriter: jitty
lps2lts-sym(14/17): mCRL2 rewriter: jitty
lps2lts-sym(12/17): mCRL2 rewriter: jitty
lps2lts-sym(15/17): mCRL2 rewriter: jitty
lps2lts-sym: mCRL2 rewriter: jitty
lps2lts-sym( 8/17): mCRL2 rewriter: jitty
lps2lts-sym: Regroup specification: gs
lps2lts-sym: Regroup macro Group Safely: gc,gr,cw,rs
lps2lts-sym: Regroup macro Cols: cs,cn
lps2lts-sym: Regroup Column Sort
lps2lts-sym: Regroup Column Nub
lps2lts-sym: Regroup macro Rows: rs,rn
lps2lts-sym: Regroup Row Sort
lps2lts-sym: Regroup Row Nub
lps2lts-sym: Regroup Column sWaps
lps2lts-sym: Regroup Row Sort
lps2lts-sym: Regrouping: 12->6 groups
lps2lts-sym: state vector length is 21; there are 6 groups
lps2lts-sym( 1/17): Creating a multi-core ListDD domain.
lps2lts-sym( 2/17): Creating a multi-core ListDD domain.
lps2lts-sym( 3/17): Creating a multi-core ListDD domain.
lps2lts-sym( 4/17): Creating a multi-core ListDD domain.
lps2lts-sym( 5/17): Creating a multi-core ListDD domain.
lps2lts-sym( 6/17): Creating a multi-core ListDD domain.
lps2lts-sym( 7/17): Creating a multi-core ListDD domain.
lps2lts-sym( 8/17): Creating a multi-core ListDD domain.
lps2lts-sym( 9/17): Creating a multi-core ListDD domain.
lps2lts-sym(10/17): Creating a multi-core ListDD domain.
lps2lts-sym(11/17): Creating a multi-core ListDD domain.
lps2lts-sym(12/17): Creating a multi-core ListDD domain.
lps2lts-sym(13/17): Creating a multi-core ListDD domain.
lps2lts-sym(14/17): Creating a multi-core ListDD domain.
lps2lts-sym(15/17): Creating a multi-core ListDD domain.
lps2lts-sym(16/17): Creating a multi-core ListDD domain.
lps2lts-sym: Creating a multi-core ListDD domain.
lps2lts-sym: May-write does not support copy; over-approximating may-write \ must-write to read + write
lps2lts-sym: Using GBgetTransitionsShort as next-state function
lps2lts-sym: got initial state
lps2lts-sym: level 0 is finished
lps2lts-sym: level 1 is finished
lps2lts-sym: level 2 is finished
lps2lts-sym: level 3 is finished
lps2lts-sym: level 4 is finished
lps2lts-sym: level 5 is finished
lps2lts-sym: level 6 is finished
lps2lts-sym: level 7 is finished
lps2lts-sym: level 8 is finished
lps2lts-sym: level 9 is finished
lps2lts-sym: level 10 is finished
lps2lts-sym: level 11 is finished
lps2lts-sym: level 12 is finished
lps2lts-sym: level 13 is finished
lps2lts-sym: level 14 is finished
lps2lts-sym: level 15 is finished
lps2lts-sym: level 16 is finished
lps2lts-sym: level 17 is finished
lps2lts-sym: level 18 is finished
lps2lts-sym: level 19 is finished
lps2lts-sym: level 20 is finished
lps2lts-sym: level 21 is finished
lps2lts-sym: Exploration took 132 group checks and 132 next state calls
lps2lts-sym: reachability took 124.050 real 165.970 user 491.170 sys
lps2lts-sym: counting visited states...
lps2lts-sym: counting took 0.040 real 0.800 user 0.000 sys
lps2lts-sym: state space has 7039582 (~7.04e+06) states, 72598 BDD nodes
Exit [0]
1007.64 user, 979.94 system, 124.40 elapsed -- Max VSize = 74276476KB, Max RSS = 5784KB
