pins2lts-mc, 0.000: =============================================================================
pins2lts-mc, 0.000: Runtime environment could only preallocate 125 GB while requesting 503 GB.
pins2lts-mc, 0.000:         Configure your system limits to exploit all memory.
pins2lts-mc, 0.000: =============================================================================
pins2lts-mc( 0/48), 0.002: Registering PINS so language module
pins2lts-mc( 1/48), 0.032: Registering PINS so language module
pins2lts-mc( 4/48), 0.034: Registering PINS so language module
pins2lts-mc( 2/48), 0.034: Registering PINS so language module
pins2lts-mc( 7/48), 0.035: Registering PINS so language module
pins2lts-mc( 8/48), 0.035: Registering PINS so language module
pins2lts-mc(10/48), 0.035: Registering PINS so language module
pins2lts-mc( 5/48), 0.035: Registering PINS so language module
pins2lts-mc( 3/48), 0.035: Registering PINS so language module
pins2lts-mc( 6/48), 0.035: Registering PINS so language module
pins2lts-mc(14/48), 0.037: Registering PINS so language module
pins2lts-mc(12/48), 0.037: Registering PINS so language module
pins2lts-mc(15/48), 0.037: Registering PINS so language module
pins2lts-mc(16/48), 0.038: Registering PINS so language module
pins2lts-mc(13/48), 0.038: Registering PINS so language module
pins2lts-mc(18/48), 0.040: Registering PINS so language module
pins2lts-mc(37/48), 0.041: Registering PINS so language module
pins2lts-mc(11/48), 0.041: Registering PINS so language module
pins2lts-mc(41/48), 0.041: Registering PINS so language module
pins2lts-mc(34/48), 0.041: Registering PINS so language module
pins2lts-mc(21/48), 0.043: Registering PINS so language module
pins2lts-mc( 9/48), 0.044: Registering PINS so language module
pins2lts-mc(19/48), 0.044: Registering PINS so language module
pins2lts-mc(27/48), 0.044: Registering PINS so language module
pins2lts-mc(46/48), 0.046: Registering PINS so language module
pins2lts-mc(44/48), 0.046: Registering PINS so language module
pins2lts-mc(25/48), 0.046: Registering PINS so language module
pins2lts-mc(32/48), 0.046: Registering PINS so language module
pins2lts-mc(22/48), 0.046: Registering PINS so language module
pins2lts-mc(24/48), 0.047: Registering PINS so language module
pins2lts-mc(30/48), 0.047: Registering PINS so language module
pins2lts-mc(26/48), 0.048: Registering PINS so language module
pins2lts-mc(29/48), 0.048: Registering PINS so language module
pins2lts-mc(38/48), 0.048: Registering PINS so language module
pins2lts-mc(33/48), 0.049: Registering PINS so language module
pins2lts-mc(31/48), 0.049: Registering PINS so language module
pins2lts-mc(39/48), 0.050: Registering PINS so language module
pins2lts-mc(20/48), 0.051: Registering PINS so language module
pins2lts-mc(40/48), 0.052: Registering PINS so language module
pins2lts-mc(45/48), 0.052: Registering PINS so language module
pins2lts-mc(36/48), 0.052: Registering PINS so language module
pins2lts-mc(47/48), 0.052: Registering PINS so language module
pins2lts-mc(43/48), 0.055: Registering PINS so language module
pins2lts-mc(28/48), 0.058: Registering PINS so language module
pins2lts-mc(35/48), 0.062: Registering PINS so language module
pins2lts-mc(42/48), 0.063: Registering PINS so language module
pins2lts-mc(23/48), 0.063: Registering PINS so language module
pins2lts-mc(17/48), 0.066: Registering PINS so language module
pins2lts-mc( 0/48), 0.066: Loading model from Problem.so
pins2lts-mc( 0/48), 0.068: library has no initializer
pins2lts-mc( 0/48), 0.068: loading model RERS2014
pins2lts-mc( 3/48), 0.068: library has no initializer
pins2lts-mc( 3/48), 0.069: loading model RERS2014
pins2lts-mc( 1/48), 0.069: library has no initializer
pins2lts-mc( 1/48), 0.069: loading model RERS2014
pins2lts-mc( 6/48), 0.069: library has no initializer
pins2lts-mc( 6/48), 0.069: loading model RERS2014
pins2lts-mc( 8/48), 0.069: library has no initializer
pins2lts-mc( 8/48), 0.069: loading model RERS2014
pins2lts-mc( 7/48), 0.069: library has no initializer
pins2lts-mc( 7/48), 0.069: loading model RERS2014
pins2lts-mc( 2/48), 0.069: library has no initializer
pins2lts-mc( 2/48), 0.069: loading model RERS2014
pins2lts-mc( 4/48), 0.069: library has no initializer
pins2lts-mc( 4/48), 0.069: loading model RERS2014
pins2lts-mc(11/48), 0.069: library has no initializer
pins2lts-mc(11/48), 0.070: loading model RERS2014
pins2lts-mc(13/48), 0.070: library has no initializer
pins2lts-mc(13/48), 0.070: loading model RERS2014
pins2lts-mc( 5/48), 0.070: library has no initializer
pins2lts-mc( 5/48), 0.070: loading model RERS2014
pins2lts-mc( 9/48), 0.070: library has no initializer
pins2lts-mc( 9/48), 0.070: loading model RERS2014
pins2lts-mc(14/48), 0.070: library has no initializer
pins2lts-mc(14/48), 0.070: loading model RERS2014
pins2lts-mc(10/48), 0.070: library has no initializer
pins2lts-mc(10/48), 0.070: loading model RERS2014
pins2lts-mc(12/48), 0.070: library has no initializer
pins2lts-mc(12/48), 0.070: loading model RERS2014
pins2lts-mc(15/48), 0.071: library has no initializer
pins2lts-mc(15/48), 0.071: loading model RERS2014
pins2lts-mc(16/48), 0.071: library has no initializer
pins2lts-mc(16/48), 0.071: loading model RERS2014
pins2lts-mc(21/48), 0.071: library has no initializer
pins2lts-mc(18/48), 0.071: library has no initializer
pins2lts-mc(21/48), 0.071: loading model RERS2014
pins2lts-mc(18/48), 0.071: loading model RERS2014
pins2lts-mc(19/48), 0.071: library has no initializer
pins2lts-mc(19/48), 0.071: loading model RERS2014
pins2lts-mc(22/48), 0.071: library has no initializer
pins2lts-mc(22/48), 0.071: loading model RERS2014
pins2lts-mc(25/48), 0.071: library has no initializer
pins2lts-mc(25/48), 0.071: loading model RERS2014
pins2lts-mc(27/48), 0.071: library has no initializer
pins2lts-mc(27/48), 0.071: loading model RERS2014
pins2lts-mc(26/48), 0.072: library has no initializer
pins2lts-mc(24/48), 0.072: library has no initializer
pins2lts-mc(24/48), 0.072: loading model RERS2014
pins2lts-mc(26/48), 0.072: loading model RERS2014
pins2lts-mc(29/48), 0.072: library has no initializer
pins2lts-mc(29/48), 0.072: loading model RERS2014
pins2lts-mc(20/48), 0.072: library has no initializer
pins2lts-mc(20/48), 0.072: loading model RERS2014
pins2lts-mc(31/48), 0.072: library has no initializer
pins2lts-mc(31/48), 0.072: loading model RERS2014
pins2lts-mc(32/48), 0.072: library has no initializer
pins2lts-mc(32/48), 0.072: loading model RERS2014
pins2lts-mc(33/48), 0.072: library has no initializer
pins2lts-mc(30/48), 0.072: library has no initializer
pins2lts-mc(30/48), 0.072: loading model RERS2014
pins2lts-mc(33/48), 0.072: loading model RERS2014
pins2lts-mc(34/48), 0.073: library has no initializer
pins2lts-mc(34/48), 0.073: loading model RERS2014
pins2lts-mc(37/48), 0.073: library has no initializer
pins2lts-mc(37/48), 0.073: loading model RERS2014
pins2lts-mc(36/48), 0.073: library has no initializer
pins2lts-mc(36/48), 0.073: loading model RERS2014
pins2lts-mc(38/48), 0.073: library has no initializer
pins2lts-mc(38/48), 0.073: loading model RERS2014
pins2lts-mc(40/48), 0.073: library has no initializer
pins2lts-mc(45/48), 0.073: library has no initializer
pins2lts-mc(40/48), 0.073: loading model RERS2014
pins2lts-mc(45/48), 0.073: loading model RERS2014
pins2lts-mc(39/48), 0.073: library has no initializer
pins2lts-mc(39/48), 0.073: loading model RERS2014
pins2lts-mc(46/48), 0.073: library has no initializer
pins2lts-mc(46/48), 0.073: loading model RERS2014
pins2lts-mc(44/48), 0.074: library has no initializer
pins2lts-mc(44/48), 0.074: loading model RERS2014
pins2lts-mc(41/48), 0.074: library has no initializer
pins2lts-mc(41/48), 0.074: loading model RERS2014
pins2lts-mc(43/48), 0.074: library has no initializer
pins2lts-mc(43/48), 0.074: loading model RERS2014
pins2lts-mc(47/48), 0.074: library has no initializer
pins2lts-mc(47/48), 0.074: loading model RERS2014
pins2lts-mc(35/48), 0.074: library has no initializer
pins2lts-mc(35/48), 0.074: loading model RERS2014
pins2lts-mc(28/48), 0.074: library has no initializer
pins2lts-mc(28/48), 0.074: loading model RERS2014
pins2lts-mc(23/48), 0.074: library has no initializer
pins2lts-mc(23/48), 0.074: loading model RERS2014
pins2lts-mc(42/48), 0.074: library has no initializer
pins2lts-mc(42/48), 0.074: loading model RERS2014
pins2lts-mc(17/48), 0.075: library has no initializer
pins2lts-mc(17/48), 0.075: loading model RERS2014
pins2lts-mc( 1/48), 0.102: completed loading model RERS2014
pins2lts-mc(15/48), 0.103: completed loading model RERS2014
pins2lts-mc( 4/48), 0.105: completed loading model RERS2014
pins2lts-mc(11/48), 0.111: completed loading model RERS2014
pins2lts-mc( 7/48), 0.115: completed loading model RERS2014
pins2lts-mc( 8/48), 0.116: completed loading model RERS2014
pins2lts-mc( 3/48), 0.117: completed loading model RERS2014
pins2lts-mc( 6/48), 0.117: completed loading model RERS2014
pins2lts-mc(21/48), 0.117: completed loading model RERS2014
pins2lts-mc(13/48), 0.119: completed loading model RERS2014
pins2lts-mc(10/48), 0.126: completed loading model RERS2014
pins2lts-mc( 0/48), 0.127: completed loading model RERS2014
pins2lts-mc(12/48), 0.130: completed loading model RERS2014
pins2lts-mc( 5/48), 0.138: completed loading model RERS2014
pins2lts-mc(16/48), 0.141: completed loading model RERS2014
pins2lts-mc(27/48), 0.174: completed loading model RERS2014
pins2lts-mc(42/48), 0.175: completed loading model RERS2014
pins2lts-mc(35/48), 0.176: completed loading model RERS2014
pins2lts-mc(29/48), 0.177: completed loading model RERS2014
pins2lts-mc(26/48), 0.177: completed loading model RERS2014
pins2lts-mc(38/48), 0.178: completed loading model RERS2014
pins2lts-mc(34/48), 0.178: completed loading model RERS2014
pins2lts-mc(28/48), 0.178: completed loading model RERS2014
pins2lts-mc(23/48), 0.178: completed loading model RERS2014
pins2lts-mc(41/48), 0.178: completed loading model RERS2014
pins2lts-mc(32/48), 0.178: completed loading model RERS2014
pins2lts-mc(18/48), 0.178: completed loading model RERS2014
pins2lts-mc(44/48), 0.178: completed loading model RERS2014
pins2lts-mc(31/48), 0.178: completed loading model RERS2014
pins2lts-mc(39/48), 0.178: completed loading model RERS2014
pins2lts-mc(22/48), 0.178: completed loading model RERS2014
pins2lts-mc( 2/48), 0.178: completed loading model RERS2014
pins2lts-mc(47/48), 0.178: completed loading model RERS2014
pins2lts-mc(14/48), 0.178: completed loading model RERS2014
pins2lts-mc(46/48), 0.178: completed loading model RERS2014
pins2lts-mc(30/48), 0.178: completed loading model RERS2014
pins2lts-mc(17/48), 0.178: completed loading model RERS2014
pins2lts-mc(33/48), 0.179: completed loading model RERS2014
pins2lts-mc(24/48), 0.179: completed loading model RERS2014
pins2lts-mc(19/48), 0.179: completed loading model RERS2014
pins2lts-mc(36/48), 0.179: completed loading model RERS2014
pins2lts-mc(40/48), 0.179: completed loading model RERS2014
pins2lts-mc( 9/48), 0.179: completed loading model RERS2014
pins2lts-mc(25/48), 0.179: completed loading model RERS2014
pins2lts-mc(45/48), 0.179: completed loading model RERS2014
pins2lts-mc(37/48), 0.179: completed loading model RERS2014
pins2lts-mc(43/48), 0.179: completed loading model RERS2014
pins2lts-mc(20/48), 0.179: completed loading model RERS2014
pins2lts-mc( 0/48), 0.254: There are 96 state labels and 2 edge labels
pins2lts-mc( 0/48), 0.254: State length is 25, there are 106 groups
pins2lts-mc( 0/48), 0.254: Running sbfs using 48 cores
pins2lts-mc( 0/48), 0.254: Using a non-indexing tree table with 2^31 elements
pins2lts-mc( 0/48), 0.254: Successor permutation: none
pins2lts-mc( 0/48), 0.254: Global bits: 0, count bits: 0, local bits: 0
pins2lts-mc( 0/48), 0.551: ~5 levels ~960 states ~1440 transitions
pins2lts-mc( 0/48), 0.676: ~7 levels ~1920 states ~2880 transitions
pins2lts-mc( 0/48), 0.871: ~10 levels ~3840 states ~5520 transitions
pins2lts-mc( 0/48), 0.968: ~12 levels ~7680 states ~12912 transitions
pins2lts-mc( 0/48), 1.114: ~15 levels ~15360 states ~21216 transitions
pins2lts-mc( 0/48), 1.416: ~22 levels ~30720 states ~47472 transitions
pins2lts-mc( 0/48), 2.015: ~32 levels ~61440 states ~94704 transitions
pins2lts-mc( 0/48), 3.116: ~40 levels ~122880 states ~190992 transitions
pins2lts-mc( 0/48), 4.353: ~44 levels ~245760 states ~347232 transitions
pins2lts-mc( 0/48), 7.362: ~50 levels ~491520 states ~800064 transitions
pins2lts-mc( 5/48), 11.100: ~54 levels ~983040 states ~1520352 transitions
pins2lts-mc( 5/48), 16.140: ~58 levels ~1966080 states ~2974992 transitions
pins2lts-mc( 5/48), 21.075: ~62 levels ~3932160 states ~5746512 transitions
pins2lts-mc( 5/48), 24.048: ~67 levels ~7864320 states ~12563376 transitions
pins2lts-mc(20/48), 25.970: ~72 levels ~15728640 states ~23297520 transitions
pins2lts-mc(20/48), 29.560: ~78 levels ~31457280 states ~48637584 transitions
pins2lts-mc(20/48), 35.470: ~84 levels ~62914560 states ~98166816 transitions
pins2lts-mc(18/48), 45.791: ~90 levels ~125829120 states ~191075472 transitions
pins2lts-mc(38/48), 64.004: ~96 levels ~251658240 states ~354824496 transitions
pins2lts-mc(34/48), 98.919: ~105 levels ~503316480 states ~698062512 transitions
pins2lts-mc(34/48), 168.154: ~118 levels ~1006632960 states ~1448561712 transitions
pins2lts-mc( 0/48), 298.565:  
pins2lts-mc( 0/48), 298.565: mean standard work distribution: 1.2% (states) 1.9% (transitions)
pins2lts-mc( 0/48), 298.565:  
pins2lts-mc( 0/48), 298.565: Explored 1750528171 states 2445589869 transitions, fanout: 1.397
pins2lts-mc( 0/48), 298.565: Total exploration time 295.730 sec (295.710 sec minimum, 295.723 sec on average)
pins2lts-mc( 0/48), 298.565: States per second: 5919346, Transitions per second: 8269670
pins2lts-mc( 0/48), 298.565:  
pins2lts-mc( 0/48), 298.565: Queue width: 8B, total height: 63221028, memory: 482.34MB
pins2lts-mc( 0/48), 298.565: Tree memory: 6891.8MB, 4.1 B/state, compr.: 4.0%
pins2lts-mc( 0/48), 298.565: Tree fill ratio (roots/leafs): 81.0%/5.0%
pins2lts-mc( 0/48), 298.565: Stored 156 string chucks using 0MB
pins2lts-mc( 0/48), 298.565: Total memory used for chunk indexing: 0MB
pins2lts-mc( 0/48), 298.565: Est. total memory use: 7374.2MB (~8674.3MB paged-in)
