pins2lts-sym: Using 48 CPUs
pins2lts-sym, 0.002: =============================================================================
pins2lts-sym, 0.002: Runtime environment could only preallocate 125 GB while requesting 503 GB.
pins2lts-sym, 0.002:         Configure your system limits to exploit all memory.
pins2lts-sym, 0.002: =============================================================================
pins2lts-sym( 0/49), 0.003: Exploration order is par-prev
pins2lts-sym( 0/49), 0.003: Saturation strategy is none
pins2lts-sym( 0/49), 0.003: Guided search strategy is unguided
pins2lts-sym( 0/49), 0.003: Attractor strategy is default
pins2lts-sym( 0/49), 0.003: Registering PINS so language module
pins2lts-sym( 0/49), 0.034: Main process: 0.
pins2lts-sym( 0/49), 0.034: 48 slave processes started.
pins2lts-sym( 2/49), 0.035: Registering PINS so language module
pins2lts-sym( 1/49), 0.035: Registering PINS so language module
pins2lts-sym( 2/49), 0.035: opening Problem.so
pins2lts-sym( 5/49), 0.035: Registering PINS so language module
pins2lts-sym( 1/49), 0.035: opening Problem.so
pins2lts-sym( 5/49), 0.035: opening Problem.so
pins2lts-sym( 6/49), 0.035: Registering PINS so language module
pins2lts-sym( 4/49), 0.035: Registering PINS so language module
pins2lts-sym( 6/49), 0.035: opening Problem.so
pins2lts-sym( 4/49), 0.035: opening Problem.so
pins2lts-sym( 8/49), 0.035: Registering PINS so language module
pins2lts-sym( 8/49), 0.036: opening Problem.so
pins2lts-sym(13/49), 0.036: Registering PINS so language module
pins2lts-sym(12/49), 0.036: Registering PINS so language module
pins2lts-sym( 3/49), 0.036: Registering PINS so language module
pins2lts-sym(12/49), 0.036: opening Problem.so
pins2lts-sym(13/49), 0.036: opening Problem.so
pins2lts-sym( 3/49), 0.036: opening Problem.so
pins2lts-sym( 7/49), 0.036: Registering PINS so language module
pins2lts-sym( 7/49), 0.036: opening Problem.so
pins2lts-sym(23/49), 0.036: Registering PINS so language module
pins2lts-sym(23/49), 0.037: opening Problem.so
pins2lts-sym(47/49), 0.037: Registering PINS so language module
pins2lts-sym(14/49), 0.037: Registering PINS so language module
pins2lts-sym(14/49), 0.037: opening Problem.so
pins2lts-sym(47/49), 0.037: opening Problem.so
pins2lts-sym(39/49), 0.037: Registering PINS so language module
pins2lts-sym(32/49), 0.037: Registering PINS so language module
pins2lts-sym(39/49), 0.037: opening Problem.so
pins2lts-sym(42/49), 0.037: Registering PINS so language module
pins2lts-sym(32/49), 0.037: opening Problem.so
pins2lts-sym(42/49), 0.037: opening Problem.so
pins2lts-sym(37/49), 0.038: Registering PINS so language module
pins2lts-sym(48/49), 0.038: Registering PINS so language module
pins2lts-sym(18/49), 0.038: Registering PINS so language module
pins2lts-sym(37/49), 0.038: opening Problem.so
pins2lts-sym(44/49), 0.038: Registering PINS so language module
pins2lts-sym(10/49), 0.038: Registering PINS so language module
pins2lts-sym(25/49), 0.038: Registering PINS so language module
pins2lts-sym(48/49), 0.038: opening Problem.so
pins2lts-sym(18/49), 0.039: opening Problem.so
pins2lts-sym(44/49), 0.039: opening Problem.so
pins2lts-sym(10/49), 0.039: opening Problem.so
pins2lts-sym(25/49), 0.039: opening Problem.so
pins2lts-sym(19/49), 0.039: Registering PINS so language module
pins2lts-sym(19/49), 0.039: opening Problem.so
pins2lts-sym(33/49), 0.039: Registering PINS so language module
pins2lts-sym(33/49), 0.039: opening Problem.so
pins2lts-sym(15/49), 0.040: Registering PINS so language module
pins2lts-sym(15/49), 0.040: opening Problem.so
pins2lts-sym(21/49), 0.040: Registering PINS so language module
pins2lts-sym(21/49), 0.041: opening Problem.so
pins2lts-sym(20/49), 0.041: Registering PINS so language module
pins2lts-sym(20/49), 0.041: opening Problem.so
pins2lts-sym(38/49), 0.041: Registering PINS so language module
pins2lts-sym(38/49), 0.041: opening Problem.so
pins2lts-sym(28/49), 0.041: Registering PINS so language module
pins2lts-sym(28/49), 0.041: opening Problem.so
pins2lts-sym(27/49), 0.041: Registering PINS so language module
pins2lts-sym(27/49), 0.041: opening Problem.so
pins2lts-sym(41/49), 0.042: Registering PINS so language module
pins2lts-sym(41/49), 0.042: opening Problem.so
pins2lts-sym(22/49), 0.042: Registering PINS so language module
pins2lts-sym(22/49), 0.043: opening Problem.so
pins2lts-sym(11/49), 0.043: Registering PINS so language module
pins2lts-sym(11/49), 0.043: opening Problem.so
pins2lts-sym(46/49), 0.044: Registering PINS so language module
pins2lts-sym(46/49), 0.044: opening Problem.so
pins2lts-sym(43/49), 0.044: Registering PINS so language module
pins2lts-sym(43/49), 0.044: opening Problem.so
pins2lts-sym(30/49), 0.044: Registering PINS so language module
pins2lts-sym(30/49), 0.044: opening Problem.so
pins2lts-sym(45/49), 0.044: Registering PINS so language module
pins2lts-sym(45/49), 0.044: opening Problem.so
pins2lts-sym(26/49), 0.044: Registering PINS so language module
pins2lts-sym(26/49), 0.045: opening Problem.so
pins2lts-sym(17/49), 0.045: Registering PINS so language module
pins2lts-sym(17/49), 0.045: opening Problem.so
pins2lts-sym( 9/49), 0.045: Registering PINS so language module
pins2lts-sym( 9/49), 0.045: opening Problem.so
pins2lts-sym(16/49), 0.045: Registering PINS so language module
pins2lts-sym(16/49), 0.045: opening Problem.so
pins2lts-sym(36/49), 0.046: Registering PINS so language module
pins2lts-sym(36/49), 0.046: opening Problem.so
pins2lts-sym(40/49), 0.046: Registering PINS so language module
pins2lts-sym(40/49), 0.046: opening Problem.so
pins2lts-sym(29/49), 0.046: Registering PINS so language module
pins2lts-sym(29/49), 0.046: opening Problem.so
pins2lts-sym(34/49), 0.046: Registering PINS so language module
pins2lts-sym(34/49), 0.046: opening Problem.so
pins2lts-sym(31/49), 0.046: Registering PINS so language module
pins2lts-sym(31/49), 0.047: opening Problem.so
pins2lts-sym(35/49), 0.047: Registering PINS so language module
pins2lts-sym(35/49), 0.047: opening Problem.so
pins2lts-sym(24/49), 0.059: Registering PINS so language module
pins2lts-sym(24/49), 0.059: opening Problem.so
pins2lts-sym, 0.000: opening Problem.so
pins2lts-sym( 1/49), 0.125: library has no initializer
pins2lts-sym( 5/49), 0.125: library has no initializer
pins2lts-sym( 1/49), 0.125: loading model RERS2014
pins2lts-sym( 5/49), 0.125: loading model RERS2014
pins2lts-sym(25/49), 0.125: library has no initializer
pins2lts-sym(25/49), 0.125: loading model RERS2014
pins2lts-sym( 3/49), 0.125: library has no initializer
pins2lts-sym( 3/49), 0.125: loading model RERS2014
pins2lts-sym( 4/49), 0.125: library has no initializer
pins2lts-sym( 4/49), 0.125: loading model RERS2014
pins2lts-sym(33/49), 0.125: library has no initializer
pins2lts-sym(33/49), 0.125: loading model RERS2014
pins2lts-sym(12/49), 0.125: library has no initializer
pins2lts-sym(47/49), 0.125: library has no initializer
pins2lts-sym(12/49), 0.125: loading model RERS2014
pins2lts-sym(47/49), 0.125: loading model RERS2014
pins2lts-sym( 2/49), 0.125: library has no initializer
pins2lts-sym(19/49), 0.125: library has no initializer
pins2lts-sym( 2/49), 0.125: loading model RERS2014
pins2lts-sym(19/49), 0.125: loading model RERS2014
pins2lts-sym(15/49), 0.125: library has no initializer
pins2lts-sym(15/49), 0.125: loading model RERS2014
pins2lts-sym(21/49), 0.126: library has no initializer
pins2lts-sym(21/49), 0.126: loading model RERS2014
pins2lts-sym(38/49), 0.126: library has no initializer
pins2lts-sym(38/49), 0.126: loading model RERS2014
pins2lts-sym(23/49), 0.126: library has no initializer
pins2lts-sym(23/49), 0.126: loading model RERS2014
pins2lts-sym(28/49), 0.126: library has no initializer
pins2lts-sym(28/49), 0.127: loading model RERS2014
pins2lts-sym(20/49), 0.127: library has no initializer
pins2lts-sym(20/49), 0.127: loading model RERS2014
pins2lts-sym(22/49), 0.127: library has no initializer
pins2lts-sym(11/49), 0.127: library has no initializer
pins2lts-sym(22/49), 0.127: loading model RERS2014
pins2lts-sym(11/49), 0.127: loading model RERS2014
pins2lts-sym(27/49), 0.127: library has no initializer
pins2lts-sym(27/49), 0.127: loading model RERS2014
pins2lts-sym(45/49), 0.127: library has no initializer
pins2lts-sym(45/49), 0.127: loading model RERS2014
pins2lts-sym(43/49), 0.127: library has no initializer
pins2lts-sym(30/49), 0.127: library has no initializer
pins2lts-sym(43/49), 0.127: loading model RERS2014
pins2lts-sym(30/49), 0.127: loading model RERS2014
pins2lts-sym(46/49), 0.127: library has no initializer
pins2lts-sym(46/49), 0.127: loading model RERS2014
pins2lts-sym(26/49), 0.127: library has no initializer
pins2lts-sym(26/49), 0.127: loading model RERS2014
pins2lts-sym( 9/49), 0.128: library has no initializer
pins2lts-sym( 9/49), 0.128: loading model RERS2014
pins2lts-sym(41/49), 0.128: library has no initializer
pins2lts-sym(41/49), 0.128: loading model RERS2014
pins2lts-sym(17/49), 0.128: library has no initializer
pins2lts-sym(17/49), 0.128: loading model RERS2014
pins2lts-sym(36/49), 0.128: library has no initializer
pins2lts-sym(36/49), 0.128: loading model RERS2014
pins2lts-sym(16/49), 0.128: library has no initializer
pins2lts-sym(29/49), 0.128: library has no initializer
pins2lts-sym(16/49), 0.128: loading model RERS2014
pins2lts-sym(29/49), 0.128: loading model RERS2014
pins2lts-sym(35/49), 0.129: library has no initializer
pins2lts-sym(35/49), 0.129: loading model RERS2014
pins2lts-sym(31/49), 0.129: library has no initializer
pins2lts-sym(31/49), 0.129: loading model RERS2014
pins2lts-sym(34/49), 0.129: library has no initializer
pins2lts-sym(34/49), 0.129: loading model RERS2014
pins2lts-sym( 7/49), 0.129: library has no initializer
pins2lts-sym( 7/49), 0.129: loading model RERS2014
pins2lts-sym(44/49), 0.129: library has no initializer
pins2lts-sym(44/49), 0.129: loading model RERS2014
pins2lts-sym(18/49), 0.129: library has no initializer
pins2lts-sym(18/49), 0.129: loading model RERS2014
pins2lts-sym(24/49), 0.129: library has no initializer
pins2lts-sym(42/49), 0.129: library has no initializer
pins2lts-sym(24/49), 0.129: loading model RERS2014
pins2lts-sym(42/49), 0.129: loading model RERS2014
pins2lts-sym(32/49), 0.129: library has no initializer
pins2lts-sym(32/49), 0.129: loading model RERS2014
pins2lts-sym(39/49), 0.129: library has no initializer
pins2lts-sym(39/49), 0.129: loading model RERS2014
pins2lts-sym(13/49), 0.129: library has no initializer
pins2lts-sym(13/49), 0.129: loading model RERS2014
pins2lts-sym(14/49), 0.129: library has no initializer
pins2lts-sym(14/49), 0.129: loading model RERS2014
pins2lts-sym, 0.017: library has no initializer
pins2lts-sym, 0.017: loading model RERS2014
pins2lts-sym(40/49), 0.130: library has no initializer
pins2lts-sym(40/49), 0.130: loading model RERS2014
pins2lts-sym(10/49), 0.131: library has no initializer
pins2lts-sym(10/49), 0.131: loading model RERS2014
pins2lts-sym( 6/49), 0.131: library has no initializer
pins2lts-sym( 6/49), 0.131: loading model RERS2014
pins2lts-sym(37/49), 0.131: library has no initializer
pins2lts-sym(37/49), 0.131: loading model RERS2014
pins2lts-sym(48/49), 0.131: library has no initializer
pins2lts-sym(48/49), 0.131: loading model RERS2014
pins2lts-sym( 8/49), 0.135: library has no initializer
pins2lts-sym( 8/49), 0.135: loading model RERS2014
pins2lts-sym, 0.245: completed loading model RERS2014
pins2lts-sym( 1/49), 0.361: completed loading model RERS2014
pins2lts-sym( 2/49), 0.371: completed loading model RERS2014
pins2lts-sym( 3/49), 0.464: completed loading model RERS2014
pins2lts-sym( 4/49), 0.465: completed loading model RERS2014
pins2lts-sym( 5/49), 0.466: completed loading model RERS2014
pins2lts-sym( 6/49), 0.467: completed loading model RERS2014
pins2lts-sym( 7/49), 0.467: completed loading model RERS2014
pins2lts-sym( 9/49), 0.468: completed loading model RERS2014
pins2lts-sym(10/49), 0.469: completed loading model RERS2014
pins2lts-sym(11/49), 0.469: completed loading model RERS2014
pins2lts-sym(12/49), 0.470: completed loading model RERS2014
pins2lts-sym(13/49), 0.471: completed loading model RERS2014
pins2lts-sym(14/49), 0.471: completed loading model RERS2014
pins2lts-sym(15/49), 0.472: completed loading model RERS2014
pins2lts-sym(16/49), 0.472: completed loading model RERS2014
pins2lts-sym(17/49), 0.473: completed loading model RERS2014
pins2lts-sym(18/49), 0.474: completed loading model RERS2014
pins2lts-sym(19/49), 0.474: completed loading model RERS2014
pins2lts-sym(20/49), 0.475: completed loading model RERS2014
pins2lts-sym(21/49), 0.475: completed loading model RERS2014
pins2lts-sym(22/49), 0.476: completed loading model RERS2014
pins2lts-sym(23/49), 0.477: completed loading model RERS2014
pins2lts-sym(24/49), 0.477: completed loading model RERS2014
pins2lts-sym(25/49), 0.478: completed loading model RERS2014
pins2lts-sym(26/49), 0.478: completed loading model RERS2014
pins2lts-sym(27/49), 0.479: completed loading model RERS2014
pins2lts-sym(28/49), 0.480: completed loading model RERS2014
pins2lts-sym(29/49), 0.480: completed loading model RERS2014
pins2lts-sym(30/49), 0.481: completed loading model RERS2014
pins2lts-sym(31/49), 0.481: completed loading model RERS2014
pins2lts-sym(32/49), 0.482: completed loading model RERS2014
pins2lts-sym(33/49), 0.482: completed loading model RERS2014
pins2lts-sym(34/49), 0.483: completed loading model RERS2014
pins2lts-sym(35/49), 0.484: completed loading model RERS2014
pins2lts-sym(36/49), 0.484: completed loading model RERS2014
pins2lts-sym(37/49), 0.485: completed loading model RERS2014
pins2lts-sym(38/49), 0.485: completed loading model RERS2014
pins2lts-sym(39/49), 0.486: completed loading model RERS2014
pins2lts-sym(40/49), 0.487: completed loading model RERS2014
pins2lts-sym(41/49), 0.487: completed loading model RERS2014
pins2lts-sym(42/49), 0.488: completed loading model RERS2014
pins2lts-sym(43/49), 0.488: completed loading model RERS2014
pins2lts-sym(44/49), 0.489: completed loading model RERS2014
pins2lts-sym(45/49), 0.489: completed loading model RERS2014
pins2lts-sym(46/49), 0.490: completed loading model RERS2014
pins2lts-sym(47/49), 0.491: completed loading model RERS2014
pins2lts-sym(48/49), 0.491: completed loading model RERS2014
pins2lts-sym( 8/49), 0.492: completed loading model RERS2014
pins2lts-sym, 0.389: state vector length is 25; there are 106 groups and 96 guards
pins2lts-sym( 1/49), 0.501: Creating a multi-core ListDD domain.
pins2lts-sym( 2/49), 0.502: Creating a multi-core ListDD domain.
pins2lts-sym( 3/49), 0.503: Creating a multi-core ListDD domain.
pins2lts-sym( 4/49), 0.503: Creating a multi-core ListDD domain.
pins2lts-sym( 5/49), 0.504: Creating a multi-core ListDD domain.
pins2lts-sym( 6/49), 0.504: Creating a multi-core ListDD domain.
pins2lts-sym( 7/49), 0.505: Creating a multi-core ListDD domain.
pins2lts-sym( 8/49), 0.506: Creating a multi-core ListDD domain.
pins2lts-sym( 9/49), 0.506: Creating a multi-core ListDD domain.
pins2lts-sym(10/49), 0.507: Creating a multi-core ListDD domain.
pins2lts-sym(11/49), 0.508: Creating a multi-core ListDD domain.
pins2lts-sym(12/49), 0.508: Creating a multi-core ListDD domain.
pins2lts-sym(13/49), 0.509: Creating a multi-core ListDD domain.
pins2lts-sym(14/49), 0.510: Creating a multi-core ListDD domain.
pins2lts-sym(15/49), 0.510: Creating a multi-core ListDD domain.
pins2lts-sym(16/49), 0.511: Creating a multi-core ListDD domain.
pins2lts-sym(17/49), 0.512: Creating a multi-core ListDD domain.
pins2lts-sym(18/49), 0.512: Creating a multi-core ListDD domain.
pins2lts-sym(19/49), 0.513: Creating a multi-core ListDD domain.
pins2lts-sym(20/49), 0.514: Creating a multi-core ListDD domain.
pins2lts-sym(21/49), 0.514: Creating a multi-core ListDD domain.
pins2lts-sym(22/49), 0.515: Creating a multi-core ListDD domain.
pins2lts-sym(23/49), 0.516: Creating a multi-core ListDD domain.
pins2lts-sym(24/49), 0.516: Creating a multi-core ListDD domain.
pins2lts-sym(25/49), 0.517: Creating a multi-core ListDD domain.
pins2lts-sym(26/49), 0.518: Creating a multi-core ListDD domain.
pins2lts-sym(27/49), 0.519: Creating a multi-core ListDD domain.
pins2lts-sym(28/49), 0.519: Creating a multi-core ListDD domain.
pins2lts-sym(29/49), 0.520: Creating a multi-core ListDD domain.
pins2lts-sym(30/49), 0.521: Creating a multi-core ListDD domain.
pins2lts-sym(31/49), 0.521: Creating a multi-core ListDD domain.
pins2lts-sym(32/49), 0.522: Creating a multi-core ListDD domain.
pins2lts-sym(33/49), 0.523: Creating a multi-core ListDD domain.
pins2lts-sym(34/49), 0.523: Creating a multi-core ListDD domain.
pins2lts-sym(35/49), 0.524: Creating a multi-core ListDD domain.
pins2lts-sym(36/49), 0.525: Creating a multi-core ListDD domain.
pins2lts-sym(37/49), 0.526: Creating a multi-core ListDD domain.
pins2lts-sym(38/49), 0.526: Creating a multi-core ListDD domain.
pins2lts-sym(39/49), 0.527: Creating a multi-core ListDD domain.
pins2lts-sym(40/49), 0.528: Creating a multi-core ListDD domain.
pins2lts-sym(41/49), 0.528: Creating a multi-core ListDD domain.
pins2lts-sym(42/49), 0.529: Creating a multi-core ListDD domain.
pins2lts-sym(43/49), 0.530: Creating a multi-core ListDD domain.
pins2lts-sym(44/49), 0.530: Creating a multi-core ListDD domain.
pins2lts-sym(45/49), 0.531: Creating a multi-core ListDD domain.
pins2lts-sym(46/49), 0.532: Creating a multi-core ListDD domain.
pins2lts-sym(47/49), 0.532: Creating a multi-core ListDD domain.
pins2lts-sym(48/49), 0.533: Creating a multi-core ListDD domain.
pins2lts-sym, 0.422: Creating a multi-core ListDD domain.
pins2lts-sym, 0.671: Using GBgetActionsShort as next-state function
pins2lts-sym, 0.671: Guard-splitting: not checking soundness of the specification, this may result in an incorrect state space!
pins2lts-sym, 0.684: got initial state
pins2lts-sym, 0.699: level 0 is finished
pins2lts-sym, 0.789: level 1 is finished
pins2lts-sym, 0.811: level 2 is finished
pins2lts-sym, 0.867: level 3 is finished
pins2lts-sym, 0.903: level 4 is finished
pins2lts-sym, 1.022: level 5 is finished
pins2lts-sym, 1.076: level 6 is finished
pins2lts-sym, 1.187: level 7 is finished
pins2lts-sym, 1.245: level 8 is finished
pins2lts-sym, 1.317: level 9 is finished
pins2lts-sym, 1.364: level 10 is finished
pins2lts-sym, 1.436: level 11 is finished
pins2lts-sym, 1.455: level 12 is finished
pins2lts-sym, 1.475: level 13 is finished
pins2lts-sym, 1.487: level 14 is finished
pins2lts-sym, 1.500: level 15 is finished
pins2lts-sym, 1.511: level 16 is finished
pins2lts-sym, 1.523: level 17 is finished
pins2lts-sym, 1.543: level 18 is finished
pins2lts-sym, 1.562: level 19 is finished
pins2lts-sym, 1.579: level 20 is finished
pins2lts-sym, 1.598: level 21 is finished
pins2lts-sym, 1.618: level 22 is finished
pins2lts-sym, 1.641: level 23 is finished
pins2lts-sym, 1.664: level 24 is finished
pins2lts-sym, 1.691: level 25 is finished
pins2lts-sym, 1.720: level 26 is finished
pins2lts-sym, 1.754: level 27 is finished
pins2lts-sym, 1.791: level 28 is finished
pins2lts-sym, 1.834: level 29 is finished
pins2lts-sym, 1.879: level 30 is finished
pins2lts-sym, 1.931: level 31 is finished
pins2lts-sym, 1.989: level 32 is finished
pins2lts-sym, 2.059: level 33 is finished
pins2lts-sym, 2.136: level 34 is finished
pins2lts-sym, 2.223: level 35 is finished
pins2lts-sym, 2.322: level 36 is finished
pins2lts-sym, 2.459: level 37 is finished
pins2lts-sym, 2.610: level 38 is finished
pins2lts-sym, 2.756: level 39 is finished
pins2lts-sym, 2.906: level 40 is finished
pins2lts-sym, 3.087: level 41 is finished
pins2lts-sym, 3.780: level 42 is finished
pins2lts-sym, 4.122: level 43 is finished
pins2lts-sym, 5.646: level 44 is finished
pins2lts-sym, 6.107: level 45 is finished
pins2lts-sym, 6.480: level 46 is finished
pins2lts-sym, 6.834: level 47 is finished
pins2lts-sym, 7.202: level 48 is finished
pins2lts-sym, 7.589: level 49 is finished
pins2lts-sym, 8.016: level 50 is finished
pins2lts-sym, 8.505: level 51 is finished
pins2lts-sym, 8.941: level 52 is finished
pins2lts-sym, 9.506: level 53 is finished
pins2lts-sym, 10.077: level 54 is finished
pins2lts-sym, 10.716: level 55 is finished
pins2lts-sym, 11.367: level 56 is finished
pins2lts-sym, 12.076: level 57 is finished
pins2lts-sym, 12.896: level 58 is finished
pins2lts-sym, 13.711: level 59 is finished
pins2lts-sym, 14.707: level 60 is finished
pins2lts-sym, 15.623: level 61 is finished
pins2lts-sym, 16.646: level 62 is finished
pins2lts-sym, 17.681: level 63 is finished
pins2lts-sym, 18.896: level 64 is finished
pins2lts-sym, 20.059: level 65 is finished
pins2lts-sym, 21.486: level 66 is finished
pins2lts-sym, 22.838: level 67 is finished
pins2lts-sym, 24.515: level 68 is finished
pins2lts-sym, 26.067: level 69 is finished
pins2lts-sym, 28.018: level 70 is finished
pins2lts-sym, 29.827: level 71 is finished
pins2lts-sym, 32.038: level 72 is finished
pins2lts-sym, 34.017: level 73 is finished
pins2lts-sym, 36.404: level 74 is finished
pins2lts-sym, 38.653: level 75 is finished
pins2lts-sym, 41.246: level 76 is finished
pins2lts-sym, 43.956: level 77 is finished
pins2lts-sym, 47.146: level 78 is finished
pins2lts-sym, 50.259: level 79 is finished
pins2lts-sym, 53.989: level 80 is finished
pins2lts-sym, 57.686: level 81 is finished
pins2lts-sym, 61.698: level 82 is finished
pins2lts-sym, 65.546: level 83 is finished
pins2lts-sym, 69.950: level 84 is finished
pins2lts-sym, 74.584: level 85 is finished
pins2lts-sym, 79.669: level 86 is finished
pins2lts-sym, 84.558: level 87 is finished
pins2lts-sym, 89.771: level 88 is finished
pins2lts-sym, 96.098: level 89 is finished
pins2lts-sym, 102.218: level 90 is finished
pins2lts-sym, 109.372: level 91 is finished
pins2lts-sym, 116.658: level 92 is finished
pins2lts-sym, 125.458: level 93 is finished
pins2lts-sym, 133.576: level 94 is finished
pins2lts-sym, 143.283: level 95 is finished
pins2lts-sym, 152.891: level 96 is finished
pins2lts-sym, 163.802: level 97 is finished
pins2lts-sym, 174.230: level 98 is finished
pins2lts-sym, 187.494: level 99 is finished
pins2lts-sym, 199.801: level 100 is finished
pins2lts-sym, 215.269: level 101 is finished
pins2lts-sym, 230.996: level 102 is finished
pins2lts-sym, 250.310: level 103 is finished
pins2lts-sym, 269.963: level 104 is finished
pins2lts-sym, 289.412: level 105 is finished
pins2lts-sym, 309.794: level 106 is finished
pins2lts-sym, 330.294: level 107 is finished
pins2lts-sym, 349.861: level 108 is finished
pins2lts-sym, 374.050: level 109 is finished
pins2lts-sym, 396.277: level 110 is finished
pins2lts-sym, 419.415: level 111 is finished
pins2lts-sym, 442.150: level 112 is finished
pins2lts-sym, 464.668: level 113 is finished
pins2lts-sym, 486.512: level 114 is finished
pins2lts-sym, 511.128: level 115 is finished
pins2lts-sym, 532.477: level 116 is finished
pins2lts-sym, 560.197: level 117 is finished
pins2lts-sym, 581.492: level 118 is finished
pins2lts-sym, 602.582: level 119 is finished
pins2lts-sym, 618.999: level 120 is finished
pins2lts-sym, 638.472: level 121 is finished
pins2lts-sym, 654.513: level 122 is finished
pins2lts-sym, 670.849: level 123 is finished
pins2lts-sym, 683.778: level 124 is finished
pins2lts-sym, 700.577: level 125 is finished
pins2lts-sym, 712.358: level 126 is finished
pins2lts-sym, 727.032: level 127 is finished
pins2lts-sym, 741.602: level 128 is finished
pins2lts-sym, 754.151: level 129 is finished
pins2lts-sym, 763.240: level 130 is finished
pins2lts-sym, 773.818: level 131 is finished
pins2lts-sym, 781.818: level 132 is finished
pins2lts-sym, 791.627: level 133 is finished
pins2lts-sym, 798.741: level 134 is finished
pins2lts-sym, 807.432: level 135 is finished
pins2lts-sym, 813.703: level 136 is finished
pins2lts-sym, 821.066: level 137 is finished
pins2lts-sym, 826.413: level 138 is finished
pins2lts-sym, 832.619: level 139 is finished
pins2lts-sym, 837.421: level 140 is finished
pins2lts-sym, 842.998: level 141 is finished
pins2lts-sym, 847.037: level 142 is finished
pins2lts-sym, 851.762: level 143 is finished
pins2lts-sym, 855.317: level 144 is finished
pins2lts-sym, 859.426: level 145 is finished
pins2lts-sym, 862.442: level 146 is finished
pins2lts-sym, 866.035: level 147 is finished
pins2lts-sym, 868.725: level 148 is finished
pins2lts-sym, 871.834: level 149 is finished
pins2lts-sym, 874.160: level 150 is finished
pins2lts-sym, 876.807: level 151 is finished
pins2lts-sym, 878.830: level 152 is finished
pins2lts-sym, 881.162: level 153 is finished
pins2lts-sym, 882.903: level 154 is finished
pins2lts-sym, 885.105: level 155 is finished
pins2lts-sym, 886.676: level 156 is finished
pins2lts-sym, 888.518: level 157 is finished
pins2lts-sym, 889.831: level 158 is finished
pins2lts-sym, 891.441: level 159 is finished
pins2lts-sym, 892.603: level 160 is finished
pins2lts-sym, 893.899: level 161 is finished
pins2lts-sym, 894.912: level 162 is finished
pins2lts-sym, 896.031: level 163 is finished
pins2lts-sym, 896.843: level 164 is finished
pins2lts-sym, 897.830: level 165 is finished
pins2lts-sym, 898.553: level 166 is finished
pins2lts-sym, 899.475: level 167 is finished
pins2lts-sym, 900.054: level 168 is finished
pins2lts-sym, 900.802: level 169 is finished
pins2lts-sym, 901.302: level 170 is finished
pins2lts-sym, 901.911: level 171 is finished
pins2lts-sym, 902.322: level 172 is finished
pins2lts-sym, 902.866: level 173 is finished
pins2lts-sym, 903.224: level 174 is finished
pins2lts-sym, 903.689: level 175 is finished
pins2lts-sym, 904.001: level 176 is finished
pins2lts-sym, 904.410: level 177 is finished
pins2lts-sym, 904.678: level 178 is finished
pins2lts-sym, 905.041: level 179 is finished
pins2lts-sym, 905.282: level 180 is finished
pins2lts-sym, 905.587: level 181 is finished
pins2lts-sym, 905.814: level 182 is finished
pins2lts-sym, 906.103: level 183 is finished
pins2lts-sym, 906.301: level 184 is finished
pins2lts-sym, 906.547: level 185 is finished
pins2lts-sym, 906.734: level 186 is finished
pins2lts-sym, 906.979: level 187 is finished
pins2lts-sym, 907.153: level 188 is finished
pins2lts-sym, 907.365: level 189 is finished
pins2lts-sym, 907.528: level 190 is finished
pins2lts-sym, 907.726: level 191 is finished
pins2lts-sym, 907.882: level 192 is finished
pins2lts-sym, 908.063: level 193 is finished
pins2lts-sym, 908.207: level 194 is finished
pins2lts-sym, 908.379: level 195 is finished
pins2lts-sym, 908.521: level 196 is finished
pins2lts-sym, 908.678: level 197 is finished
pins2lts-sym, 908.813: level 198 is finished
pins2lts-sym, 908.967: level 199 is finished
pins2lts-sym, 909.098: level 200 is finished
pins2lts-sym, 909.225: level 201 is finished
pins2lts-sym, 909.345: level 202 is finished
pins2lts-sym, 909.473: level 203 is finished
pins2lts-sym, 909.582: level 204 is finished
pins2lts-sym, 909.702: level 205 is finished
pins2lts-sym, 909.802: level 206 is finished
pins2lts-sym, 909.914: level 207 is finished
pins2lts-sym, 910.013: level 208 is finished
pins2lts-sym, 910.126: level 209 is finished
pins2lts-sym, 910.216: level 210 is finished
pins2lts-sym, 910.313: level 211 is finished
pins2lts-sym, 910.400: level 212 is finished
pins2lts-sym, 910.488: level 213 is finished
pins2lts-sym, 910.576: level 214 is finished
pins2lts-sym, 910.664: level 215 is finished
pins2lts-sym, 910.747: level 216 is finished
pins2lts-sym, 910.827: level 217 is finished
pins2lts-sym, 910.906: level 218 is finished
pins2lts-sym, 910.982: level 219 is finished
pins2lts-sym, 911.057: level 220 is finished
pins2lts-sym, 911.128: level 221 is finished
pins2lts-sym, 911.200: level 222 is finished
pins2lts-sym, 911.272: level 223 is finished
pins2lts-sym, 911.344: level 224 is finished
pins2lts-sym, 911.412: level 225 is finished
pins2lts-sym, 911.476: level 226 is finished
pins2lts-sym, 911.541: level 227 is finished
pins2lts-sym, 911.606: level 228 is finished
pins2lts-sym, 911.674: level 229 is finished
pins2lts-sym, 911.733: level 230 is finished
pins2lts-sym, 911.794: level 231 is finished
pins2lts-sym, 911.851: level 232 is finished
pins2lts-sym, 911.907: level 233 is finished
pins2lts-sym, 911.962: level 234 is finished
pins2lts-sym, 912.013: level 235 is finished
pins2lts-sym, 912.069: level 236 is finished
pins2lts-sym, 912.122: level 237 is finished
pins2lts-sym, 912.176: level 238 is finished
pins2lts-sym, 912.231: level 239 is finished
pins2lts-sym, 912.283: level 240 is finished
pins2lts-sym, 912.335: level 241 is finished
pins2lts-sym, 912.385: level 242 is finished
pins2lts-sym, 912.433: level 243 is finished
pins2lts-sym, 912.479: level 244 is finished
pins2lts-sym, 912.529: level 245 is finished
pins2lts-sym, 912.577: level 246 is finished
pins2lts-sym, 912.623: level 247 is finished
pins2lts-sym, 912.668: level 248 is finished
pins2lts-sym, 912.711: level 249 is finished
pins2lts-sym, 912.754: level 250 is finished
pins2lts-sym, 912.794: level 251 is finished
pins2lts-sym, 912.838: level 252 is finished
pins2lts-sym, 912.883: level 253 is finished
pins2lts-sym, 912.926: level 254 is finished
pins2lts-sym, 912.970: level 255 is finished
pins2lts-sym, 913.015: level 256 is finished
pins2lts-sym, 913.058: level 257 is finished
pins2lts-sym, 913.100: level 258 is finished
pins2lts-sym, 913.138: level 259 is finished
pins2lts-sym, 913.178: level 260 is finished
pins2lts-sym, 913.220: level 261 is finished
pins2lts-sym, 913.260: level 262 is finished
pins2lts-sym, 913.298: level 263 is finished
pins2lts-sym, 913.336: level 264 is finished
pins2lts-sym, 913.375: level 265 is finished
pins2lts-sym, 913.411: level 266 is finished
pins2lts-sym, 913.447: level 267 is finished
pins2lts-sym, 913.485: level 268 is finished
pins2lts-sym, 913.522: level 269 is finished
pins2lts-sym, 913.560: level 270 is finished
pins2lts-sym, 913.598: level 271 is finished
pins2lts-sym, 913.638: level 272 is finished
pins2lts-sym, 913.675: level 273 is finished
pins2lts-sym, 913.713: level 274 is finished
pins2lts-sym, 913.747: level 275 is finished
pins2lts-sym, 913.782: level 276 is finished
pins2lts-sym, 913.814: level 277 is finished
pins2lts-sym, 913.849: level 278 is finished
pins2lts-sym, 913.884: level 279 is finished
pins2lts-sym, 913.919: level 280 is finished
pins2lts-sym, 913.951: level 281 is finished
pins2lts-sym, 913.982: level 282 is finished
pins2lts-sym, 914.013: level 283 is finished
pins2lts-sym, 914.045: level 284 is finished
pins2lts-sym, 914.075: level 285 is finished
pins2lts-sym, 914.109: level 286 is finished
pins2lts-sym, 914.143: level 287 is finished
pins2lts-sym, 914.178: level 288 is finished
pins2lts-sym, 914.211: level 289 is finished
pins2lts-sym, 914.246: level 290 is finished
pins2lts-sym, 914.278: level 291 is finished
pins2lts-sym, 914.314: level 292 is finished
pins2lts-sym, 914.348: level 293 is finished
pins2lts-sym, 914.381: level 294 is finished
pins2lts-sym, 914.413: level 295 is finished
pins2lts-sym, 914.447: level 296 is finished
pins2lts-sym, 914.480: level 297 is finished
pins2lts-sym, 914.513: level 298 is finished
pins2lts-sym, 914.542: level 299 is finished
pins2lts-sym, 914.577: level 300 is finished
pins2lts-sym, 914.611: level 301 is finished
pins2lts-sym, 914.645: level 302 is finished
pins2lts-sym, 914.682: level 303 is finished
pins2lts-sym, 914.714: level 304 is finished
pins2lts-sym, 914.742: level 305 is finished
pins2lts-sym, 914.770: level 306 is finished
pins2lts-sym, 914.799: level 307 is finished
pins2lts-sym, 914.830: level 308 is finished
pins2lts-sym, 914.859: level 309 is finished
pins2lts-sym, 914.890: level 310 is finished
pins2lts-sym, 914.920: level 311 is finished
pins2lts-sym, 914.954: level 312 is finished
pins2lts-sym, 914.985: level 313 is finished
pins2lts-sym, 915.019: level 314 is finished
pins2lts-sym, 915.053: level 315 is finished
pins2lts-sym, 915.084: level 316 is finished
pins2lts-sym, 915.111: level 317 is finished
pins2lts-sym, 915.141: level 318 is finished
pins2lts-sym, 915.173: level 319 is finished
pins2lts-sym, 915.206: level 320 is finished
pins2lts-sym, 915.240: level 321 is finished
pins2lts-sym, 915.270: level 322 is finished
pins2lts-sym, 915.299: level 323 is finished
pins2lts-sym, 915.330: level 324 is finished
pins2lts-sym, 915.356: level 325 is finished
pins2lts-sym, 915.388: level 326 is finished
pins2lts-sym, 915.420: level 327 is finished
pins2lts-sym, 915.456: level 328 is finished
pins2lts-sym, 915.489: level 329 is finished
pins2lts-sym, 915.520: level 330 is finished
pins2lts-sym, 915.551: level 331 is finished
pins2lts-sym, 915.582: level 332 is finished
pins2lts-sym, 915.613: level 333 is finished
pins2lts-sym, 915.644: level 334 is finished
pins2lts-sym, 915.677: level 335 is finished
pins2lts-sym, 915.711: level 336 is finished
pins2lts-sym, 915.743: level 337 is finished
pins2lts-sym, 915.777: level 338 is finished
pins2lts-sym, 915.808: level 339 is finished
pins2lts-sym, 915.842: level 340 is finished
pins2lts-sym, 915.874: level 341 is finished
pins2lts-sym, 915.907: level 342 is finished
pins2lts-sym, 915.939: level 343 is finished
pins2lts-sym, 915.973: level 344 is finished
pins2lts-sym, 916.003: level 345 is finished
pins2lts-sym, 916.033: level 346 is finished
pins2lts-sym, 916.063: level 347 is finished
pins2lts-sym, 916.092: level 348 is finished
pins2lts-sym, 916.118: level 349 is finished
pins2lts-sym, 916.154: level 350 is finished
pins2lts-sym, 916.185: level 351 is finished
pins2lts-sym, 916.213: level 352 is finished
pins2lts-sym, 916.234: level 353 is finished
pins2lts-sym, 916.263: level 354 is finished
pins2lts-sym, 916.295: level 355 is finished
pins2lts-sym, 916.326: level 356 is finished
pins2lts-sym, 916.353: level 357 is finished
pins2lts-sym, 916.381: level 358 is finished
pins2lts-sym, 916.409: level 359 is finished
pins2lts-sym, 916.438: level 360 is finished
pins2lts-sym, 916.465: level 361 is finished
pins2lts-sym, 916.492: level 362 is finished
pins2lts-sym, 916.519: level 363 is finished
pins2lts-sym, 916.547: level 364 is finished
pins2lts-sym, 916.577: level 365 is finished
pins2lts-sym, 916.603: level 366 is finished
pins2lts-sym, 916.625: level 367 is finished
pins2lts-sym, 916.650: level 368 is finished
pins2lts-sym, 916.675: level 369 is finished
pins2lts-sym, 916.699: level 370 is finished
pins2lts-sym, 916.721: level 371 is finished
pins2lts-sym, 916.743: level 372 is finished
pins2lts-sym, 916.765: level 373 is finished
pins2lts-sym, 916.789: level 374 is finished
pins2lts-sym, 916.811: level 375 is finished
pins2lts-sym, 916.832: level 376 is finished
pins2lts-sym, 916.853: level 377 is finished
pins2lts-sym, 916.874: level 378 is finished
pins2lts-sym, 916.894: level 379 is finished
pins2lts-sym, 916.923: level 380 is finished
pins2lts-sym, 916.952: level 381 is finished
pins2lts-sym, 916.976: level 382 is finished
pins2lts-sym, 916.997: level 383 is finished
pins2lts-sym, 917.019: level 384 is finished
pins2lts-sym, 917.040: level 385 is finished
pins2lts-sym, 917.062: level 386 is finished
pins2lts-sym, 917.082: level 387 is finished
pins2lts-sym, 917.103: level 388 is finished
pins2lts-sym, 917.123: level 389 is finished
pins2lts-sym, 917.143: level 390 is finished
pins2lts-sym, 917.165: level 391 is finished
pins2lts-sym, 917.185: level 392 is finished
pins2lts-sym, 917.204: level 393 is finished
pins2lts-sym, 917.224: level 394 is finished
pins2lts-sym, 917.243: level 395 is finished
pins2lts-sym, 917.267: level 396 is finished
pins2lts-sym, 917.286: level 397 is finished
pins2lts-sym, 917.312: level 398 is finished
pins2lts-sym, 917.338: level 399 is finished
pins2lts-sym, 917.361: level 400 is finished
pins2lts-sym, 917.382: level 401 is finished
pins2lts-sym, 917.407: level 402 is finished
pins2lts-sym, 917.431: level 403 is finished
pins2lts-sym, 917.454: level 404 is finished
pins2lts-sym, 917.473: level 405 is finished
pins2lts-sym, 917.500: level 406 is finished
pins2lts-sym, 917.526: level 407 is finished
pins2lts-sym, 917.552: level 408 is finished
pins2lts-sym, 917.571: level 409 is finished
pins2lts-sym, 917.595: level 410 is finished
pins2lts-sym, 917.617: level 411 is finished
pins2lts-sym, 917.637: level 412 is finished
pins2lts-sym, 917.654: level 413 is finished
pins2lts-sym, 917.673: level 414 is finished
pins2lts-sym, 917.692: level 415 is finished
pins2lts-sym, 917.710: level 416 is finished
pins2lts-sym, 917.726: level 417 is finished
pins2lts-sym, 917.742: level 418 is finished
pins2lts-sym, 917.757: level 419 is finished
pins2lts-sym, 917.773: level 420 is finished
pins2lts-sym, 917.788: level 421 is finished
pins2lts-sym, 917.812: level 422 is finished
pins2lts-sym, 917.836: level 423 is finished
pins2lts-sym, 917.854: level 424 is finished
pins2lts-sym, 917.869: level 425 is finished
pins2lts-sym, 917.885: level 426 is finished
pins2lts-sym, 917.898: level 427 is finished
pins2lts-sym, 917.912: level 428 is finished
pins2lts-sym, 917.926: level 429 is finished
pins2lts-sym, 917.940: level 430 is finished
pins2lts-sym, 917.956: level 431 is finished
pins2lts-sym, 917.970: level 432 is finished
pins2lts-sym, 917.983: level 433 is finished
pins2lts-sym, 917.997: level 434 is finished
pins2lts-sym, 918.010: level 435 is finished
pins2lts-sym, 918.025: level 436 is finished
pins2lts-sym, 918.039: level 437 is finished
pins2lts-sym, 918.056: level 438 is finished
pins2lts-sym, 918.068: level 439 is finished
pins2lts-sym, 918.081: level 440 is finished
pins2lts-sym, 918.094: level 441 is finished
pins2lts-sym, 918.108: level 442 is finished
pins2lts-sym, 918.120: level 443 is finished
pins2lts-sym, 918.133: level 444 is finished
pins2lts-sym, 918.148: level 445 is finished
pins2lts-sym, 918.161: level 446 is finished
pins2lts-sym, 918.173: level 447 is finished
pins2lts-sym, 918.186: level 448 is finished
pins2lts-sym, 918.199: level 449 is finished
pins2lts-sym, 918.211: level 450 is finished
pins2lts-sym, 918.223: level 451 is finished
pins2lts-sym, 918.235: level 452 is finished
pins2lts-sym, 918.247: level 453 is finished
pins2lts-sym, 918.260: level 454 is finished
pins2lts-sym, 918.271: level 455 is finished
pins2lts-sym, 918.282: level 456 is finished
pins2lts-sym, 918.293: level 457 is finished
pins2lts-sym, 918.304: level 458 is finished
pins2lts-sym, 918.314: level 459 is finished
pins2lts-sym, 918.324: level 460 is finished
pins2lts-sym, 918.334: level 461 is finished
pins2lts-sym, 918.344: level 462 is finished
pins2lts-sym, 918.352: level 463 is finished
pins2lts-sym, 918.361: level 464 is finished
pins2lts-sym, 918.370: level 465 is finished
pins2lts-sym, 918.378: level 466 is finished
pins2lts-sym, 918.386: level 467 is finished
pins2lts-sym, 918.394: level 468 is finished
pins2lts-sym, 918.402: level 469 is finished
pins2lts-sym, 918.410: level 470 is finished
pins2lts-sym, 918.417: level 471 is finished
pins2lts-sym, 918.424: level 472 is finished
pins2lts-sym, 918.431: level 473 is finished
pins2lts-sym, 918.437: level 474 is finished
pins2lts-sym, 918.442: level 475 is finished
pins2lts-sym, 918.448: level 476 is finished
pins2lts-sym, 918.454: level 477 is finished
pins2lts-sym, 918.460: level 478 is finished
pins2lts-sym, 918.464: level 479 is finished
pins2lts-sym, 918.469: level 480 is finished
pins2lts-sym, 918.483: Exploration took 12937 group checks, 12937 next state calls and 46176 guard evaluation calls
pins2lts-sym, 918.506: reachability took 917.790 real 43797.301 user 54.780 sys
pins2lts-sym, 918.506: counting visited states...
pins2lts-sym, 920.399: counting took 1.890 real 90.760 user 0.050 sys
pins2lts-sym, 920.399: state space has 1750528171 (~1.75e+09) states, 3002750 BDD nodes
